{
  "/data/projects/fullstack/palautusrepositorio/osa5/bloglist-frontend/src/App.jsx": {
    "path": "/data/projects/fullstack/palautusrepositorio/osa5/bloglist-frontend/src/App.jsx",
    "statementMap": {
      "0": {
        "start": { "line": 11, "column": 12 },
        "end": { "line": 119, "column": 1 }
      },
      "1": {
        "start": { "line": 12, "column": 28 },
        "end": { "line": 12, "column": 40 }
      },
      "2": {
        "start": { "line": 13, "column": 32 },
        "end": { "line": 13, "column": 44 }
      },
      "3": {
        "start": { "line": 14, "column": 34 },
        "end": { "line": 14, "column": 46 }
      },
      "4": {
        "start": { "line": 15, "column": 34 },
        "end": { "line": 15, "column": 46 }
      },
      "5": {
        "start": { "line": 16, "column": 26 },
        "end": { "line": 16, "column": 40 }
      },
      "6": {
        "start": { "line": 17, "column": 22 },
        "end": { "line": 17, "column": 30 }
      },
      "7": {
        "start": { "line": 19, "column": 2 },
        "end": { "line": 23, "column": 14 }
      },
      "8": {
        "start": { "line": 20, "column": 4 },
        "end": { "line": 22, "column": 5 }
      },
      "9": {
        "start": { "line": 21, "column": 6 },
        "end": { "line": 21, "column": 57 }
      },
      "10": {
        "start": { "line": 21, "column": 37 },
        "end": { "line": 21, "column": 54 }
      },
      "11": {
        "start": { "line": 25, "column": 2 },
        "end": { "line": 32, "column": 8 }
      },
      "12": {
        "start": { "line": 26, "column": 27 },
        "end": { "line": 26, "column": 75 }
      },
      "13": {
        "start": { "line": 27, "column": 4 },
        "end": { "line": 31, "column": 5 }
      },
      "14": {
        "start": { "line": 28, "column": 19 },
        "end": { "line": 28, "column": 45 }
      },
      "15": {
        "start": { "line": 29, "column": 6 },
        "end": { "line": 29, "column": 19 }
      },
      "16": {
        "start": { "line": 30, "column": 6 },
        "end": { "line": 30, "column": 38 }
      },
      "17": {
        "start": { "line": 34, "column": 22 },
        "end": { "line": 51, "column": 3 }
      },
      "18": {
        "start": { "line": 35, "column": 4 },
        "end": { "line": 35, "column": 26 }
      },
      "19": {
        "start": { "line": 37, "column": 4 },
        "end": { "line": 50, "column": 5 }
      },
      "20": {
        "start": { "line": 38, "column": 19 },
        "end": { "line": 40, "column": 8 }
      },
      "21": {
        "start": { "line": 41, "column": 6 },
        "end": { "line": 43, "column": 7 }
      },
      "22": {
        "start": { "line": 44, "column": 6 },
        "end": { "line": 44, "column": 38 }
      },
      "23": {
        "start": { "line": 45, "column": 6 },
        "end": { "line": 45, "column": 19 }
      },
      "24": {
        "start": { "line": 46, "column": 6 },
        "end": { "line": 46, "column": 21 }
      },
      "25": {
        "start": { "line": 47, "column": 6 },
        "end": { "line": 47, "column": 21 }
      },
      "26": {
        "start": { "line": 49, "column": 6 },
        "end": { "line": 49, "column": 54 }
      },
      "27": {
        "start": { "line": 53, "column": 25 },
        "end": { "line": 63, "column": 3 }
      },
      "28": {
        "start": { "line": 54, "column": 4 },
        "end": { "line": 54, "column": 42 }
      },
      "29": {
        "start": { "line": 55, "column": 4 },
        "end": { "line": 62, "column": 5 }
      },
      "30": {
        "start": { "line": 56, "column": 23 },
        "end": { "line": 56, "column": 59 }
      },
      "31": {
        "start": { "line": 57, "column": 6 },
        "end": { "line": 57, "column": 38 }
      },
      "32": {
        "start": { "line": 58, "column": 6 },
        "end": { "line": 58, "column": 75 }
      },
      "33": {
        "start": { "line": 61, "column": 6 },
        "end": { "line": 61, "column": 54 }
      },
      "34": {
        "start": { "line": 65, "column": 17 },
        "end": { "line": 73, "column": 3 }
      },
      "35": {
        "start": { "line": 66, "column": 4 },
        "end": { "line": 72, "column": 5 }
      },
      "36": {
        "start": { "line": 67, "column": 23 },
        "end": { "line": 67, "column": 60 }
      },
      "37": {
        "start": { "line": 68, "column": 6 },
        "end": { "line": 68, "column": 27 }
      },
      "38": {
        "start": { "line": 69, "column": 6 },
        "end": { "line": 69, "column": 58 }
      },
      "39": {
        "start": { "line": 69, "column": 30 },
        "end": { "line": 69, "column": 56 }
      },
      "40": {
        "start": { "line": 71, "column": 6 },
        "end": { "line": 71, "column": 54 }
      },
      "41": {
        "start": { "line": 75, "column": 17 },
        "end": { "line": 85, "column": 3 }
      },
      "42": {
        "start": { "line": 76, "column": 4 },
        "end": { "line": 84, "column": 5 }
      },
      "43": {
        "start": { "line": 77, "column": 6 },
        "end": { "line": 83, "column": 7 }
      },
      "44": {
        "start": { "line": 78, "column": 25 },
        "end": { "line": 78, "column": 58 }
      },
      "45": {
        "start": { "line": 79, "column": 8 },
        "end": { "line": 79, "column": 67 }
      },
      "46": {
        "start": { "line": 80, "column": 8 },
        "end": { "line": 80, "column": 53 }
      },
      "47": {
        "start": { "line": 80, "column": 35 },
        "end": { "line": 80, "column": 51 }
      },
      "48": {
        "start": { "line": 82, "column": 8 },
        "end": { "line": 82, "column": 56 }
      },
      "49": {
        "start": { "line": 87, "column": 17 },
        "end": { "line": 90, "column": 3 }
      },
      "50": {
        "start": { "line": 88, "column": 4 },
        "end": { "line": 88, "column": 55 }
      },
      "51": {
        "start": { "line": 89, "column": 4 },
        "end": { "line": 89, "column": 17 }
      },
      "52": {
        "start": { "line": 92, "column": 2 },
        "end": { "line": 118, "column": 3 }
      }
    },
    "fnMap": {
      "0": {
        "name": "(anonymous_0)",
        "decl": {
          "start": { "line": 11, "column": 12 },
          "end": { "line": 11, "column": 13 }
        },
        "loc": {
          "start": { "line": 11, "column": 18 },
          "end": { "line": 119, "column": 1 }
        },
        "line": 11
      },
      "1": {
        "name": "(anonymous_1)",
        "decl": {
          "start": { "line": 19, "column": 12 },
          "end": { "line": 19, "column": 13 }
        },
        "loc": {
          "start": { "line": 19, "column": 18 },
          "end": { "line": 23, "column": 3 }
        },
        "line": 19
      },
      "2": {
        "name": "(anonymous_2)",
        "decl": {
          "start": { "line": 20, "column": 30 },
          "end": { "line": 20, "column": 31 }
        },
        "loc": {
          "start": { "line": 21, "column": 6 },
          "end": { "line": 21, "column": 57 }
        },
        "line": 21
      },
      "3": {
        "name": "(anonymous_3)",
        "decl": {
          "start": { "line": 21, "column": 27 },
          "end": { "line": 21, "column": 28 }
        },
        "loc": {
          "start": { "line": 21, "column": 37 },
          "end": { "line": 21, "column": 54 }
        },
        "line": 21
      },
      "4": {
        "name": "(anonymous_4)",
        "decl": {
          "start": { "line": 25, "column": 12 },
          "end": { "line": 25, "column": 13 }
        },
        "loc": {
          "start": { "line": 25, "column": 18 },
          "end": { "line": 32, "column": 3 }
        },
        "line": 25
      },
      "5": {
        "name": "(anonymous_5)",
        "decl": {
          "start": { "line": 34, "column": 22 },
          "end": { "line": 34, "column": 23 }
        },
        "loc": {
          "start": { "line": 34, "column": 38 },
          "end": { "line": 51, "column": 3 }
        },
        "line": 34
      },
      "6": {
        "name": "(anonymous_6)",
        "decl": {
          "start": { "line": 53, "column": 25 },
          "end": { "line": 53, "column": 26 }
        },
        "loc": {
          "start": { "line": 53, "column": 46 },
          "end": { "line": 63, "column": 3 }
        },
        "line": 53
      },
      "7": {
        "name": "(anonymous_7)",
        "decl": {
          "start": { "line": 65, "column": 17 },
          "end": { "line": 65, "column": 18 }
        },
        "loc": {
          "start": { "line": 65, "column": 42 },
          "end": { "line": 73, "column": 3 }
        },
        "line": 65
      },
      "8": {
        "name": "(anonymous_8)",
        "decl": {
          "start": { "line": 69, "column": 25 },
          "end": { "line": 69, "column": 26 }
        },
        "loc": {
          "start": { "line": 69, "column": 30 },
          "end": { "line": 69, "column": 56 }
        },
        "line": 69
      },
      "9": {
        "name": "(anonymous_9)",
        "decl": {
          "start": { "line": 75, "column": 17 },
          "end": { "line": 75, "column": 18 }
        },
        "loc": {
          "start": { "line": 75, "column": 32 },
          "end": { "line": 85, "column": 3 }
        },
        "line": 75
      },
      "10": {
        "name": "(anonymous_10)",
        "decl": {
          "start": { "line": 80, "column": 30 },
          "end": { "line": 80, "column": 31 }
        },
        "loc": {
          "start": { "line": 80, "column": 35 },
          "end": { "line": 80, "column": 51 }
        },
        "line": 80
      },
      "11": {
        "name": "(anonymous_11)",
        "decl": {
          "start": { "line": 87, "column": 17 },
          "end": { "line": 87, "column": 18 }
        },
        "loc": {
          "start": { "line": 87, "column": 23 },
          "end": { "line": 90, "column": 3 }
        },
        "line": 87
      }
    },
    "branchMap": {
      "0": {
        "loc": {
          "start": { "line": 27, "column": 4 },
          "end": { "line": 31, "column": 5 }
        },
        "type": "if",
        "locations": [
          {
            "start": { "line": 27, "column": 4 },
            "end": { "line": 31, "column": 5 }
          },
          { "start": {}, "end": {} }
        ],
        "line": 27
      },
      "1": {
        "loc": {
          "start": { "line": 69, "column": 30 },
          "end": { "line": 69, "column": 56 }
        },
        "type": "cond-expr",
        "locations": [
          {
            "start": { "line": 69, "column": 44 },
            "end": { "line": 69, "column": 52 }
          },
          {
            "start": { "line": 69, "column": 55 },
            "end": { "line": 69, "column": 56 }
          }
        ],
        "line": 69
      },
      "2": {
        "loc": {
          "start": { "line": 76, "column": 4 },
          "end": { "line": 84, "column": 5 }
        },
        "type": "if",
        "locations": [
          {
            "start": { "line": 76, "column": 4 },
            "end": { "line": 84, "column": 5 }
          },
          { "start": {}, "end": {} }
        ],
        "line": 76
      },
      "3": {
        "loc": {
          "start": { "line": 95, "column": 7 },
          "end": { "line": 100, "column": 38 }
        },
        "type": "binary-expr",
        "locations": [
          {
            "start": { "line": 95, "column": 7 },
            "end": { "line": 95, "column": 12 }
          },
          {
            "start": { "line": 96, "column": 8 },
            "end": { "line": 100, "column": 38 }
          }
        ],
        "line": 95
      },
      "4": {
        "loc": {
          "start": { "line": 102, "column": 7 },
          "end": { "line": 115, "column": 12 }
        },
        "type": "binary-expr",
        "locations": [
          {
            "start": { "line": 102, "column": 7 },
            "end": { "line": 102, "column": 11 }
          },
          {
            "start": { "line": 103, "column": 6 },
            "end": { "line": 115, "column": 12 }
          }
        ],
        "line": 102
      }
    },
    "s": {
      "0": 0,
      "1": 0,
      "2": 0,
      "3": 0,
      "4": 0,
      "5": 0,
      "6": 0,
      "7": 0,
      "8": 0,
      "9": 0,
      "10": 0,
      "11": 0,
      "12": 0,
      "13": 0,
      "14": 0,
      "15": 0,
      "16": 0,
      "17": 0,
      "18": 0,
      "19": 0,
      "20": 0,
      "21": 0,
      "22": 0,
      "23": 0,
      "24": 0,
      "25": 0,
      "26": 0,
      "27": 0,
      "28": 0,
      "29": 0,
      "30": 0,
      "31": 0,
      "32": 0,
      "33": 0,
      "34": 0,
      "35": 0,
      "36": 0,
      "37": 0,
      "38": 0,
      "39": 0,
      "40": 0,
      "41": 0,
      "42": 0,
      "43": 0,
      "44": 0,
      "45": 0,
      "46": 0,
      "47": 0,
      "48": 0,
      "49": 0,
      "50": 0,
      "51": 0,
      "52": 0
    },
    "f": {
      "0": 0,
      "1": 0,
      "2": 0,
      "3": 0,
      "4": 0,
      "5": 0,
      "6": 0,
      "7": 0,
      "8": 0,
      "9": 0,
      "10": 0,
      "11": 0
    },
    "b": { "0": [0, 0], "1": [0, 0], "2": [0, 0], "3": [0, 0], "4": [0, 0] }
  },
  "/data/projects/fullstack/palautusrepositorio/osa5/bloglist-frontend/src/main.jsx": {
    "path": "/data/projects/fullstack/palautusrepositorio/osa5/bloglist-frontend/src/main.jsx",
    "statementMap": {
      "0": {
        "start": { "line": 5, "column": 0 },
        "end": { "line": 5, "column": 68 }
      }
    },
    "fnMap": {},
    "branchMap": {},
    "s": { "0": 0 },
    "f": {},
    "b": {}
  },
  "/data/projects/fullstack/palautusrepositorio/osa5/bloglist-frontend/src/components/Blog.jsx": {
    "path": "/data/projects/fullstack/palautusrepositorio/osa5/bloglist-frontend/src/components/Blog.jsx",
    "statementMap": {
      "0": {
        "start": { "line": 4, "column": 18 },
        "end": { "line": 10, "column": 1 }
      },
      "1": {
        "start": { "line": 12, "column": 13 },
        "end": { "line": 53, "column": 1 }
      },
      "2": {
        "start": { "line": 13, "column": 26 },
        "end": { "line": 13, "column": 42 }
      },
      "3": {
        "start": { "line": 14, "column": 18 },
        "end": { "line": 14, "column": 42 }
      },
      "4": {
        "start": { "line": 15, "column": 28 },
        "end": { "line": 15, "column": 64 }
      },
      "5": {
        "start": { "line": 16, "column": 24 },
        "end": { "line": 16, "column": 65 }
      },
      "6": {
        "start": { "line": 18, "column": 21 },
        "end": { "line": 28, "column": 3 }
      },
      "7": {
        "start": { "line": 19, "column": 4 },
        "end": { "line": 19, "column": 26 }
      },
      "8": {
        "start": { "line": 20, "column": 20 },
        "end": { "line": 26, "column": 5 }
      },
      "9": {
        "start": { "line": 27, "column": 4 },
        "end": { "line": 27, "column": 28 }
      },
      "10": {
        "start": { "line": 30, "column": 23 },
        "end": { "line": 33, "column": 3 }
      },
      "11": {
        "start": { "line": 31, "column": 4 },
        "end": { "line": 31, "column": 26 }
      },
      "12": {
        "start": { "line": 32, "column": 4 },
        "end": { "line": 32, "column": 16 }
      },
      "13": {
        "start": { "line": 35, "column": 21 },
        "end": { "line": 38, "column": 3 }
      },
      "14": {
        "start": { "line": 36, "column": 4 },
        "end": { "line": 36, "column": 26 }
      },
      "15": {
        "start": { "line": 37, "column": 4 },
        "end": { "line": 37, "column": 46 }
      },
      "16": {
        "start": { "line": 40, "column": 2 },
        "end": { "line": 52, "column": 3 }
      }
    },
    "fnMap": {
      "0": {
        "name": "(anonymous_0)",
        "decl": {
          "start": { "line": 12, "column": 13 },
          "end": { "line": 12, "column": 14 }
        },
        "loc": {
          "start": { "line": 12, "column": 50 },
          "end": { "line": 53, "column": 1 }
        },
        "line": 12
      },
      "1": {
        "name": "(anonymous_1)",
        "decl": {
          "start": { "line": 18, "column": 21 },
          "end": { "line": 18, "column": 22 }
        },
        "loc": {
          "start": { "line": 18, "column": 32 },
          "end": { "line": 28, "column": 3 }
        },
        "line": 18
      },
      "2": {
        "name": "(anonymous_2)",
        "decl": {
          "start": { "line": 30, "column": 23 },
          "end": { "line": 30, "column": 24 }
        },
        "loc": {
          "start": { "line": 30, "column": 34 },
          "end": { "line": 33, "column": 3 }
        },
        "line": 30
      },
      "3": {
        "name": "(anonymous_3)",
        "decl": {
          "start": { "line": 35, "column": 21 },
          "end": { "line": 35, "column": 22 }
        },
        "loc": {
          "start": { "line": 35, "column": 32 },
          "end": { "line": 38, "column": 3 }
        },
        "line": 35
      }
    },
    "branchMap": {
      "0": {
        "loc": {
          "start": { "line": 15, "column": 39 },
          "end": { "line": 15, "column": 62 }
        },
        "type": "cond-expr",
        "locations": [
          {
            "start": { "line": 15, "column": 51 },
            "end": { "line": 15, "column": 53 }
          },
          {
            "start": { "line": 15, "column": 56 },
            "end": { "line": 15, "column": 62 }
          }
        ],
        "line": 15
      },
      "1": {
        "loc": {
          "start": { "line": 16, "column": 35 },
          "end": { "line": 16, "column": 63 }
        },
        "type": "cond-expr",
        "locations": [
          {
            "start": { "line": 16, "column": 52 },
            "end": { "line": 16, "column": 54 }
          },
          {
            "start": { "line": 16, "column": 57 },
            "end": { "line": 16, "column": 63 }
          }
        ],
        "line": 16
      },
      "2": {
        "loc": {
          "start": { "line": 37, "column": 12 },
          "end": { "line": 37, "column": 45 }
        },
        "type": "cond-expr",
        "locations": [
          {
            "start": { "line": 37, "column": 30 },
            "end": { "line": 37, "column": 36 }
          },
          {
            "start": { "line": 37, "column": 39 },
            "end": { "line": 37, "column": 45 }
          }
        ],
        "line": 37
      }
    },
    "s": {
      "0": 1,
      "1": 1,
      "2": 5,
      "3": 5,
      "4": 5,
      "5": 5,
      "6": 5,
      "7": 2,
      "8": 2,
      "9": 2,
      "10": 5,
      "11": 0,
      "12": 0,
      "13": 5,
      "14": 1,
      "15": 1,
      "16": 5
    },
    "f": { "0": 5, "1": 2, "2": 0, "3": 1 },
    "b": { "0": [5, 0], "1": [1, 4], "2": [1, 0] },
    "_coverageSchema": "1a1c01bbd47fc00a2c39e90264f33305004495a9",
    "hash": "572f5a5e6b6355dc6e45db6562a5e2ed254d5466"
  },
  "/data/projects/fullstack/palautusrepositorio/osa5/bloglist-frontend/src/components/BlogForm.jsx": {
    "path": "/data/projects/fullstack/palautusrepositorio/osa5/bloglist-frontend/src/components/BlogForm.jsx",
    "statementMap": {
      "0": {
        "start": { "line": 3, "column": 19 },
        "end": { "line": 56, "column": 1 }
      },
      "1": {
        "start": { "line": 4, "column": 28 },
        "end": { "line": 4, "column": 40 }
      },
      "2": {
        "start": { "line": 5, "column": 30 },
        "end": { "line": 5, "column": 42 }
      },
      "3": {
        "start": { "line": 6, "column": 24 },
        "end": { "line": 6, "column": 36 }
      },
      "4": {
        "start": { "line": 8, "column": 18 },
        "end": { "line": 19, "column": 3 }
      },
      "5": {
        "start": { "line": 9, "column": 4 },
        "end": { "line": 9, "column": 26 }
      },
      "6": {
        "start": { "line": 10, "column": 4 },
        "end": { "line": 14, "column": 6 }
      },
      "7": {
        "start": { "line": 16, "column": 4 },
        "end": { "line": 16, "column": 16 }
      },
      "8": {
        "start": { "line": 17, "column": 4 },
        "end": { "line": 17, "column": 17 }
      },
      "9": {
        "start": { "line": 18, "column": 4 },
        "end": { "line": 18, "column": 14 }
      },
      "10": {
        "start": { "line": 21, "column": 2 },
        "end": { "line": 55, "column": 3 }
      },
      "11": {
        "start": { "line": 30, "column": 40 },
        "end": { "line": 30, "column": 62 }
      },
      "12": {
        "start": { "line": 39, "column": 40 },
        "end": { "line": 39, "column": 63 }
      },
      "13": {
        "start": { "line": 48, "column": 40 },
        "end": { "line": 48, "column": 60 }
      }
    },
    "fnMap": {
      "0": {
        "name": "(anonymous_0)",
        "decl": {
          "start": { "line": 3, "column": 19 },
          "end": { "line": 3, "column": 20 }
        },
        "loc": {
          "start": { "line": 3, "column": 43 },
          "end": { "line": 56, "column": 1 }
        },
        "line": 3
      },
      "1": {
        "name": "(anonymous_1)",
        "decl": {
          "start": { "line": 8, "column": 18 },
          "end": { "line": 8, "column": 19 }
        },
        "loc": {
          "start": { "line": 8, "column": 29 },
          "end": { "line": 19, "column": 3 }
        },
        "line": 8
      },
      "2": {
        "name": "(anonymous_2)",
        "decl": {
          "start": { "line": 30, "column": 24 },
          "end": { "line": 30, "column": 25 }
        },
        "loc": {
          "start": { "line": 30, "column": 40 },
          "end": { "line": 30, "column": 62 }
        },
        "line": 30
      },
      "3": {
        "name": "(anonymous_3)",
        "decl": {
          "start": { "line": 39, "column": 24 },
          "end": { "line": 39, "column": 25 }
        },
        "loc": {
          "start": { "line": 39, "column": 40 },
          "end": { "line": 39, "column": 63 }
        },
        "line": 39
      },
      "4": {
        "name": "(anonymous_4)",
        "decl": {
          "start": { "line": 48, "column": 24 },
          "end": { "line": 48, "column": 25 }
        },
        "loc": {
          "start": { "line": 48, "column": 40 },
          "end": { "line": 48, "column": 60 }
        },
        "line": 48
      }
    },
    "branchMap": {},
    "s": {
      "0": 1,
      "1": 5,
      "2": 5,
      "3": 5,
      "4": 5,
      "5": 1,
      "6": 1,
      "7": 1,
      "8": 1,
      "9": 1,
      "10": 5,
      "11": 1,
      "12": 1,
      "13": 1
    },
    "f": { "0": 5, "1": 1, "2": 1, "3": 1, "4": 1 },
    "b": {},
    "_coverageSchema": "1a1c01bbd47fc00a2c39e90264f33305004495a9",
    "hash": "987ad6f2e7212bc4e8a355b4488465ea2c5a364c"
  },
  "/data/projects/fullstack/palautusrepositorio/osa5/bloglist-frontend/src/components/DisplayBlogs.jsx": {
    "path": "/data/projects/fullstack/palautusrepositorio/osa5/bloglist-frontend/src/components/DisplayBlogs.jsx",
    "statementMap": {
      "0": {
        "start": { "line": 4, "column": 21 },
        "end": { "line": 11, "column": 1 }
      },
      "1": {
        "start": { "line": 5, "column": 2 },
        "end": { "line": 10, "column": 8 }
      },
      "2": {
        "start": { "line": 8, "column": 6 },
        "end": { "line": 8, "column": 84 }
      }
    },
    "fnMap": {
      "0": {
        "name": "(anonymous_0)",
        "decl": {
          "start": { "line": 4, "column": 21 },
          "end": { "line": 4, "column": 22 }
        },
        "loc": {
          "start": { "line": 5, "column": 2 },
          "end": { "line": 10, "column": 8 }
        },
        "line": 5
      },
      "1": {
        "name": "(anonymous_1)",
        "decl": {
          "start": { "line": 7, "column": 15 },
          "end": { "line": 7, "column": 16 }
        },
        "loc": {
          "start": { "line": 8, "column": 6 },
          "end": { "line": 8, "column": 84 }
        },
        "line": 8
      }
    },
    "branchMap": {},
    "s": { "0": 0, "1": 0, "2": 0 },
    "f": { "0": 0, "1": 0 },
    "b": {}
  },
  "/data/projects/fullstack/palautusrepositorio/osa5/bloglist-frontend/src/components/Loginform.jsx": {
    "path": "/data/projects/fullstack/palautusrepositorio/osa5/bloglist-frontend/src/components/Loginform.jsx",
    "statementMap": {
      "0": {
        "start": { "line": 3, "column": 18 },
        "end": { "line": 28, "column": 1 }
      },
      "1": {
        "start": { "line": 4, "column": 2 },
        "end": { "line": 27, "column": 8 }
      },
      "2": {
        "start": { "line": 13, "column": 36 },
        "end": { "line": 13, "column": 61 }
      },
      "3": {
        "start": { "line": 22, "column": 36 },
        "end": { "line": 22, "column": 61 }
      },
      "4": {
        "start": { "line": 30, "column": 0 },
        "end": { "line": 36, "column": 1 }
      }
    },
    "fnMap": {
      "0": {
        "name": "(anonymous_0)",
        "decl": {
          "start": { "line": 3, "column": 18 },
          "end": { "line": 3, "column": 19 }
        },
        "loc": {
          "start": { "line": 4, "column": 2 },
          "end": { "line": 27, "column": 8 }
        },
        "line": 4
      },
      "1": {
        "name": "(anonymous_1)",
        "decl": {
          "start": { "line": 13, "column": 20 },
          "end": { "line": 13, "column": 21 }
        },
        "loc": {
          "start": { "line": 13, "column": 36 },
          "end": { "line": 13, "column": 61 }
        },
        "line": 13
      },
      "2": {
        "name": "(anonymous_2)",
        "decl": {
          "start": { "line": 22, "column": 20 },
          "end": { "line": 22, "column": 21 }
        },
        "loc": {
          "start": { "line": 22, "column": 36 },
          "end": { "line": 22, "column": 61 }
        },
        "line": 22
      }
    },
    "branchMap": {},
    "s": { "0": 0, "1": 0, "2": 0, "3": 0, "4": 0 },
    "f": { "0": 0, "1": 0, "2": 0 },
    "b": {}
  },
  "/data/projects/fullstack/palautusrepositorio/osa5/bloglist-frontend/src/components/Notification.jsx": {
    "path": "/data/projects/fullstack/palautusrepositorio/osa5/bloglist-frontend/src/components/Notification.jsx",
    "statementMap": {
      "0": {
        "start": { "line": 1, "column": 21 },
        "end": { "line": 15, "column": 1 }
      },
      "1": {
        "start": { "line": 2, "column": 2 },
        "end": { "line": 4, "column": 3 }
      },
      "2": {
        "start": { "line": 3, "column": 4 },
        "end": { "line": 3, "column": 15 }
      },
      "3": {
        "start": { "line": 6, "column": 2 },
        "end": { "line": 8, "column": 10 }
      },
      "4": {
        "start": { "line": 7, "column": 4 },
        "end": { "line": 7, "column": 18 }
      },
      "5": {
        "start": { "line": 10, "column": 2 },
        "end": { "line": 14, "column": 3 }
      }
    },
    "fnMap": {
      "0": {
        "name": "(anonymous_0)",
        "decl": {
          "start": { "line": 1, "column": 21 },
          "end": { "line": 1, "column": 22 }
        },
        "loc": {
          "start": { "line": 1, "column": 50 },
          "end": { "line": 15, "column": 1 }
        },
        "line": 1
      },
      "1": {
        "name": "(anonymous_1)",
        "decl": {
          "start": { "line": 6, "column": 13 },
          "end": { "line": 6, "column": 14 }
        },
        "loc": {
          "start": { "line": 6, "column": 19 },
          "end": { "line": 8, "column": 3 }
        },
        "line": 6
      }
    },
    "branchMap": {
      "0": {
        "loc": {
          "start": { "line": 2, "column": 2 },
          "end": { "line": 4, "column": 3 }
        },
        "type": "if",
        "locations": [
          {
            "start": { "line": 2, "column": 2 },
            "end": { "line": 4, "column": 3 }
          },
          { "start": {}, "end": {} }
        ],
        "line": 2
      }
    },
    "s": { "0": 0, "1": 0, "2": 0, "3": 0, "4": 0, "5": 0 },
    "f": { "0": 0, "1": 0 },
    "b": { "0": [0, 0] }
  },
  "/data/projects/fullstack/palautusrepositorio/osa5/bloglist-frontend/src/components/Togglable.jsx": {
    "path": "/data/projects/fullstack/palautusrepositorio/osa5/bloglist-frontend/src/components/Togglable.jsx",
    "statementMap": {
      "0": {
        "start": { "line": 4, "column": 18 },
        "end": { "line": 31, "column": 2 }
      },
      "1": {
        "start": { "line": 5, "column": 32 },
        "end": { "line": 5, "column": 47 }
      },
      "2": {
        "start": { "line": 7, "column": 26 },
        "end": { "line": 7, "column": 60 }
      },
      "3": {
        "start": { "line": 8, "column": 26 },
        "end": { "line": 8, "column": 60 }
      },
      "4": {
        "start": { "line": 10, "column": 27 },
        "end": { "line": 12, "column": 3 }
      },
      "5": {
        "start": { "line": 11, "column": 4 },
        "end": { "line": 11, "column": 24 }
      },
      "6": {
        "start": { "line": 14, "column": 2 },
        "end": { "line": 18, "column": 4 }
      },
      "7": {
        "start": { "line": 15, "column": 4 },
        "end": { "line": 17, "column": 5 }
      },
      "8": {
        "start": { "line": 20, "column": 2 },
        "end": { "line": 30, "column": 3 }
      },
      "9": {
        "start": { "line": 33, "column": 0 },
        "end": { "line": 36, "column": 1 }
      },
      "10": {
        "start": { "line": 38, "column": 0 },
        "end": { "line": 38, "column": 35 }
      }
    },
    "fnMap": {
      "0": {
        "name": "(anonymous_0)",
        "decl": {
          "start": { "line": 4, "column": 29 },
          "end": { "line": 4, "column": 30 }
        },
        "loc": {
          "start": { "line": 4, "column": 45 },
          "end": { "line": 31, "column": 1 }
        },
        "line": 4
      },
      "1": {
        "name": "(anonymous_1)",
        "decl": {
          "start": { "line": 10, "column": 27 },
          "end": { "line": 10, "column": 28 }
        },
        "loc": {
          "start": { "line": 10, "column": 33 },
          "end": { "line": 12, "column": 3 }
        },
        "line": 10
      },
      "2": {
        "name": "(anonymous_2)",
        "decl": {
          "start": { "line": 14, "column": 27 },
          "end": { "line": 14, "column": 28 }
        },
        "loc": {
          "start": { "line": 14, "column": 33 },
          "end": { "line": 18, "column": 3 }
        },
        "line": 14
      }
    },
    "branchMap": {
      "0": {
        "loc": {
          "start": { "line": 7, "column": 37 },
          "end": { "line": 7, "column": 58 }
        },
        "type": "cond-expr",
        "locations": [
          {
            "start": { "line": 7, "column": 47 },
            "end": { "line": 7, "column": 53 }
          },
          {
            "start": { "line": 7, "column": 56 },
            "end": { "line": 7, "column": 58 }
          }
        ],
        "line": 7
      },
      "1": {
        "loc": {
          "start": { "line": 8, "column": 37 },
          "end": { "line": 8, "column": 58 }
        },
        "type": "cond-expr",
        "locations": [
          {
            "start": { "line": 8, "column": 47 },
            "end": { "line": 8, "column": 49 }
          },
          {
            "start": { "line": 8, "column": 52 },
            "end": { "line": 8, "column": 58 }
          }
        ],
        "line": 8
      }
    },
    "s": {
      "0": 0,
      "1": 0,
      "2": 0,
      "3": 0,
      "4": 0,
      "5": 0,
      "6": 0,
      "7": 0,
      "8": 0,
      "9": 0,
      "10": 0
    },
    "f": { "0": 0, "1": 0, "2": 0 },
    "b": { "0": [0, 0], "1": [0, 0] }
  },
  "/data/projects/fullstack/palautusrepositorio/osa5/bloglist-frontend/src/services/blogs.js": {
    "path": "/data/projects/fullstack/palautusrepositorio/osa5/bloglist-frontend/src/services/blogs.js",
    "statementMap": {
      "0": {
        "start": { "line": 2, "column": 16 },
        "end": { "line": 2, "column": 28 }
      },
      "1": {
        "start": { "line": 4, "column": 12 },
        "end": { "line": 4, "column": 16 }
      },
      "2": {
        "start": { "line": 6, "column": 17 },
        "end": { "line": 8, "column": 1 }
      },
      "3": {
        "start": { "line": 7, "column": 2 },
        "end": { "line": 7, "column": 30 }
      },
      "4": {
        "start": { "line": 10, "column": 15 },
        "end": { "line": 13, "column": 1 }
      },
      "5": {
        "start": { "line": 11, "column": 18 },
        "end": { "line": 11, "column": 36 }
      },
      "6": {
        "start": { "line": 12, "column": 2 },
        "end": { "line": 12, "column": 48 }
      },
      "7": {
        "start": { "line": 12, "column": 34 },
        "end": { "line": 12, "column": 47 }
      },
      "8": {
        "start": { "line": 15, "column": 15 },
        "end": { "line": 22, "column": 1 }
      },
      "9": {
        "start": { "line": 16, "column": 17 },
        "end": { "line": 18, "column": 3 }
      },
      "10": {
        "start": { "line": 20, "column": 19 },
        "end": { "line": 20, "column": 63 }
      },
      "11": {
        "start": { "line": 21, "column": 2 },
        "end": { "line": 21, "column": 22 }
      },
      "12": {
        "start": { "line": 24, "column": 12 },
        "end": { "line": 31, "column": 1 }
      },
      "13": {
        "start": { "line": 25, "column": 17 },
        "end": { "line": 27, "column": 3 }
      },
      "14": {
        "start": { "line": 29, "column": 19 },
        "end": { "line": 29, "column": 73 }
      },
      "15": {
        "start": { "line": 30, "column": 2 },
        "end": { "line": 30, "column": 22 }
      },
      "16": {
        "start": { "line": 33, "column": 15 },
        "end": { "line": 40, "column": 1 }
      },
      "17": {
        "start": { "line": 34, "column": 17 },
        "end": { "line": 36, "column": 3 }
      },
      "18": {
        "start": { "line": 38, "column": 19 },
        "end": { "line": 38, "column": 65 }
      },
      "19": {
        "start": { "line": 39, "column": 2 },
        "end": { "line": 39, "column": 22 }
      }
    },
    "fnMap": {
      "0": {
        "name": "(anonymous_0)",
        "decl": {
          "start": { "line": 6, "column": 17 },
          "end": { "line": 6, "column": 18 }
        },
        "loc": {
          "start": { "line": 6, "column": 29 },
          "end": { "line": 8, "column": 1 }
        },
        "line": 6
      },
      "1": {
        "name": "(anonymous_1)",
        "decl": {
          "start": { "line": 10, "column": 15 },
          "end": { "line": 10, "column": 16 }
        },
        "loc": {
          "start": { "line": 10, "column": 21 },
          "end": { "line": 13, "column": 1 }
        },
        "line": 10
      },
      "2": {
        "name": "(anonymous_2)",
        "decl": {
          "start": { "line": 12, "column": 22 },
          "end": { "line": 12, "column": 23 }
        },
        "loc": {
          "start": { "line": 12, "column": 34 },
          "end": { "line": 12, "column": 47 }
        },
        "line": 12
      },
      "3": {
        "name": "(anonymous_3)",
        "decl": {
          "start": { "line": 15, "column": 15 },
          "end": { "line": 15, "column": 16 }
        },
        "loc": {
          "start": { "line": 15, "column": 34 },
          "end": { "line": 22, "column": 1 }
        },
        "line": 15
      },
      "4": {
        "name": "(anonymous_4)",
        "decl": {
          "start": { "line": 24, "column": 12 },
          "end": { "line": 24, "column": 13 }
        },
        "loc": {
          "start": { "line": 24, "column": 36 },
          "end": { "line": 31, "column": 1 }
        },
        "line": 24
      },
      "5": {
        "name": "(anonymous_5)",
        "decl": {
          "start": { "line": 33, "column": 15 },
          "end": { "line": 33, "column": 16 }
        },
        "loc": {
          "start": { "line": 33, "column": 28 },
          "end": { "line": 40, "column": 1 }
        },
        "line": 33
      }
    },
    "branchMap": {},
    "s": {
      "0": 0,
      "1": 0,
      "2": 0,
      "3": 0,
      "4": 0,
      "5": 0,
      "6": 0,
      "7": 0,
      "8": 0,
      "9": 0,
      "10": 0,
      "11": 0,
      "12": 0,
      "13": 0,
      "14": 0,
      "15": 0,
      "16": 0,
      "17": 0,
      "18": 0,
      "19": 0
    },
    "f": { "0": 0, "1": 0, "2": 0, "3": 0, "4": 0, "5": 0 },
    "b": {}
  },
  "/data/projects/fullstack/palautusrepositorio/osa5/bloglist-frontend/src/services/login.js": {
    "path": "/data/projects/fullstack/palautusrepositorio/osa5/bloglist-frontend/src/services/login.js",
    "statementMap": {
      "0": {
        "start": { "line": 2, "column": 16 },
        "end": { "line": 2, "column": 28 }
      },
      "1": {
        "start": { "line": 4, "column": 14 },
        "end": { "line": 7, "column": 1 }
      },
      "2": {
        "start": { "line": 5, "column": 19 },
        "end": { "line": 5, "column": 57 }
      },
      "3": {
        "start": { "line": 6, "column": 2 },
        "end": { "line": 6, "column": 22 }
      }
    },
    "fnMap": {
      "0": {
        "name": "(anonymous_0)",
        "decl": {
          "start": { "line": 4, "column": 14 },
          "end": { "line": 4, "column": 15 }
        },
        "loc": {
          "start": { "line": 4, "column": 35 },
          "end": { "line": 7, "column": 1 }
        },
        "line": 4
      }
    },
    "branchMap": {},
    "s": { "0": 0, "1": 0, "2": 0, "3": 0 },
    "f": { "0": 0 },
    "b": {}
  }
}
